[2018-11-03T11:50:12.012Z] [org.springframework.boot.context.logging.LoggingApplicationListener] [main] [317] [ERROR] Cannot set level: error		 for 'null'
[2018-11-03T11:50:13.013Z] [org.springframework.boot.StartupInfoLogger] [main] [50] [INFO ] Starting Application on DESKTOP-U7VLOR4 with PID 7180 (C:\Users\tintu's\workspace\job\training\target\classes started by tintu's in C:\Users\tintu's\workspace\job\training)
[2018-11-03T11:50:13.013Z] [org.springframework.boot.SpringApplication] [main] [654] [INFO ] No active profile set, falling back to default profiles: default
[2018-11-03T11:50:13.013Z] [org.springframework.context.support.AbstractApplicationContext] [main] [588] [INFO ] Refreshing org.springframework.boot.web.servlet.context.AnnotationConfigServletWebServerApplicationContext@17046283: startup date [Sat Nov 03 11:50:13 IST 2018]; root of context hierarchy
[2018-11-03T11:50:17.017Z] [org.springframework.boot.web.embedded.tomcat.TomcatWebServer] [main] [91] [INFO ] Tomcat initialized with port(s): 8080 (http)
[2018-11-03T11:50:17.017Z] [org.apache.juli.logging.DirectJDKLog] [main] [180] [INFO ] Initializing ProtocolHandler ["http-nio-8080"]
[2018-11-03T11:50:17.017Z] [org.apache.juli.logging.DirectJDKLog] [main] [180] [INFO ] Starting service [Tomcat]
[2018-11-03T11:50:17.017Z] [org.apache.juli.logging.DirectJDKLog] [main] [180] [INFO ] Starting Servlet Engine: Apache Tomcat/8.5.34
[2018-11-03T11:50:17.017Z] [org.apache.juli.logging.DirectJDKLog] [localhost-startStop-1] [180] [INFO ] The APR based Apache Tomcat Native library which allows optimal performance in production environments was not found on the java.library.path: [C:\Program Files\Java\jdk1.8.0_111\bin;C:\Windows\Sun\Java\bin;C:\Windows\system32;C:\Windows;C:/Program Files/Java/jre1.8.0_111/bin/server;C:/Program Files/Java/jre1.8.0_111/bin;C:/Program Files/Java/jre1.8.0_111/lib/amd64;C:\ProgramData\Oracle\Java\javapath;C:\Windows\system32;C:\Windows;C:\Windows\System32\Wbem;C:\Windows\System32\WindowsPowerShell\v1.0\;C:\Users\tintu's\Downloads\apache-maven-3.3.9-bin\apache-maven-3.3.9\bin;c:\Program Files\Intel\WiFi\bin\;c:\Program Files\Common Files\Intel\WirelessCommon\;C:\Program Files\Java\jdk1.8.0_111\bin;C:\Program Files (x86)\Windows Live\Shared;c:\Program Files\Intel\WiFi\bin\;c:\Program Files\Common Files\Intel\WirelessCommon\;C:\Program Files\Java\jdk1.8.0_111\bin;F:\softs\eclipse-jee-mars-R-win32-x86_64\eclipse;;.]
[2018-11-03T11:50:18.018Z] [org.apache.juli.logging.DirectJDKLog] [localhost-startStop-1] [180] [INFO ] Initializing Spring embedded WebApplicationContext
[2018-11-03T11:50:18.018Z] [org.springframework.boot.web.servlet.context.ServletWebServerApplicationContext] [localhost-startStop-1] [285] [INFO ] Root WebApplicationContext: initialization completed in 4775 ms
[2018-11-03T11:50:18.018Z] [org.springframework.boot.web.servlet.ServletRegistrationBean] [localhost-startStop-1] [187] [INFO ] Servlet dispatcherServlet mapped to [/]
[2018-11-03T11:50:18.018Z] [org.springframework.boot.web.servlet.AbstractFilterRegistrationBean] [localhost-startStop-1] [245] [INFO ] Mapping filter: 'characterEncodingFilter' to: [/*]
[2018-11-03T11:50:18.018Z] [org.springframework.boot.web.servlet.AbstractFilterRegistrationBean] [localhost-startStop-1] [245] [INFO ] Mapping filter: 'hiddenHttpMethodFilter' to: [/*]
[2018-11-03T11:50:18.018Z] [org.springframework.boot.web.servlet.AbstractFilterRegistrationBean] [localhost-startStop-1] [245] [INFO ] Mapping filter: 'httpPutFormContentFilter' to: [/*]
[2018-11-03T11:50:18.018Z] [org.springframework.boot.web.servlet.AbstractFilterRegistrationBean] [localhost-startStop-1] [245] [INFO ] Mapping filter: 'requestContextFilter' to: [/*]
[2018-11-03T11:50:18.018Z] [org.springframework.web.servlet.handler.AbstractUrlHandlerMapping] [main] [373] [INFO ] Mapped URL path [/**/favicon.ico] onto handler of type [class org.springframework.web.servlet.resource.ResourceHttpRequestHandler]
[2018-11-03T11:50:18.018Z] [org.springframework.web.servlet.mvc.method.annotation.RequestMappingHandlerAdapter] [main] [588] [INFO ] Looking for @ControllerAdvice: org.springframework.boot.web.servlet.context.AnnotationConfigServletWebServerApplicationContext@17046283: startup date [Sat Nov 03 11:50:13 IST 2018]; root of context hierarchy
[2018-11-03T11:50:19.019Z] [org.springframework.web.servlet.handler.AbstractHandlerMethodMapping$MappingRegistry] [main] [549] [INFO ] Mapped "{[/test/{flag}],methods=[GET]}" onto public java.lang.String com.training.controller.TestController.getData(boolean)
[2018-11-03T11:50:19.019Z] [org.springframework.web.servlet.handler.AbstractHandlerMethodMapping$MappingRegistry] [main] [549] [INFO ] Mapped "{[/error]}" onto public org.springframework.http.ResponseEntity<java.util.Map<java.lang.String, java.lang.Object>> org.springframework.boot.autoconfigure.web.servlet.error.BasicErrorController.error(javax.servlet.http.HttpServletRequest)
[2018-11-03T11:50:19.019Z] [org.springframework.web.servlet.handler.AbstractHandlerMethodMapping$MappingRegistry] [main] [549] [INFO ] Mapped "{[/error],produces=[text/html]}" onto public org.springframework.web.servlet.ModelAndView org.springframework.boot.autoconfigure.web.servlet.error.BasicErrorController.errorHtml(javax.servlet.http.HttpServletRequest,javax.servlet.http.HttpServletResponse)
[2018-11-03T11:50:19.019Z] [org.springframework.web.servlet.handler.AbstractUrlHandlerMapping] [main] [373] [INFO ] Mapped URL path [/webjars/**] onto handler of type [class org.springframework.web.servlet.resource.ResourceHttpRequestHandler]
[2018-11-03T11:50:19.019Z] [org.springframework.web.servlet.handler.AbstractUrlHandlerMapping] [main] [373] [INFO ] Mapped URL path [/**] onto handler of type [class org.springframework.web.servlet.resource.ResourceHttpRequestHandler]
[2018-11-03T11:50:19.019Z] [org.springframework.web.servlet.mvc.method.annotation.ExceptionHandlerExceptionResolver] [main] [288] [INFO ] Detected @ExceptionHandler methods in productExceptionController
[2018-11-03T11:50:19.019Z] [org.springframework.jmx.export.MBeanExporter] [main] [433] [INFO ] Registering beans for JMX exposure on startup
[2018-11-03T11:50:19.019Z] [org.apache.juli.logging.DirectJDKLog] [main] [180] [INFO ] Starting ProtocolHandler ["http-nio-8080"]
[2018-11-03T11:50:19.019Z] [org.apache.juli.logging.DirectJDKLog] [main] [180] [INFO ] Using a shared selector for servlet write/read
[2018-11-03T11:50:19.019Z] [org.springframework.boot.web.embedded.tomcat.TomcatWebServer] [main] [206] [INFO ] Tomcat started on port(s): 8080 (http) with context path '/home'
[2018-11-03T11:50:19.019Z] [org.springframework.boot.StartupInfoLogger] [main] [59] [INFO ] Started Application in 7.082 seconds (JVM running for 7.816)
[2018-11-03T11:50:25.025Z] [org.apache.juli.logging.DirectJDKLog] [http-nio-8080-exec-1] [180] [INFO ] Initializing Spring FrameworkServlet 'dispatcherServlet'
[2018-11-03T11:50:25.025Z] [org.springframework.web.servlet.FrameworkServlet] [http-nio-8080-exec-1] [494] [INFO ] FrameworkServlet 'dispatcherServlet': initialization started
[2018-11-03T11:50:25.025Z] [org.springframework.web.servlet.FrameworkServlet] [http-nio-8080-exec-1] [509] [INFO ] FrameworkServlet 'dispatcherServlet': initialization completed in 40 ms
[2018-11-03T11:50:25.025Z] [com.training.controller.TestController] [http-nio-8080-exec-1] [30] [INFO ] tintu started
[2018-11-03T11:50:25.025Z] [com.training.controller.TestController] [http-nio-8080-exec-1] [31] [ERROR] error
[2018-11-03T11:50:25.025Z] [org.springframework.web.servlet.handler.AbstractHandlerExceptionResolver] [http-nio-8080-exec-1] [140] [WARN ] Resolved [com.training.exception.ProductNotFound]
